Release 14.7 - xst P.20131013 (nt64)
Copyright (c) 1995-2013 Xilinx, Inc.  All rights reserved.
--> Parameter TMPDIR set to xst/projnav.tmp


Total REAL time to Xst completion: 1.00 secs
Total CPU time to Xst completion: 0.22 secs
 
--> Parameter xsthdpdir set to xst


Total REAL time to Xst completion: 1.00 secs
Total CPU time to Xst completion: 0.23 secs
 
--> Reading design: scrolling_display.prj

TABLE OF CONTENTS
  1) Synthesis Options Summary
  2) HDL Parsing
  3) HDL Elaboration
  4) HDL Synthesis
       4.1) HDL Synthesis Report
  5) Advanced HDL Synthesis
       5.1) Advanced HDL Synthesis Report
  6) Low Level Synthesis
  7) Partition Report
  8) Design Summary
       8.1) Primitive and Black Box Usage
       8.2) Device utilization summary
       8.3) Partition Resource Summary
       8.4) Timing Report
            8.4.1) Clock Information
            8.4.2) Asynchronous Control Signals Information
            8.4.3) Timing Summary
            8.4.4) Timing Details
            8.4.5) Cross Clock Domains Report


=========================================================================
*                      Synthesis Options Summary                        *
=========================================================================
---- Source Parameters
Input File Name                    : "scrolling_display.prj"
Ignore Synthesis Constraint File   : NO

---- Target Parameters
Output File Name                   : "scrolling_display"
Output Format                      : NGC
Target Device                      : xc6slx9-2-tqg144

---- Source Options
Top Module Name                    : scrolling_display
Automatic FSM Extraction           : YES
FSM Encoding Algorithm             : Auto
Safe Implementation                : No
FSM Style                          : LUT
RAM Extraction                     : Yes
RAM Style                          : Auto
ROM Extraction                     : Yes
Shift Register Extraction          : YES
ROM Style                          : Auto
Resource Sharing                   : YES
Asynchronous To Synchronous        : NO
Shift Register Minimum Size        : 2
Use DSP Block                      : Auto
Automatic Register Balancing       : No

---- Target Options
LUT Combining                      : Auto
Reduce Control Sets                : Auto
Add IO Buffers                     : YES
Global Maximum Fanout              : 100000
Add Generic Clock Buffer(BUFG)     : 16
Register Duplication               : YES
Optimize Instantiated Primitives   : NO
Use Clock Enable                   : Auto
Use Synchronous Set                : Auto
Use Synchronous Reset              : Auto
Pack IO Registers into IOBs        : Auto
Equivalent register Removal        : YES

---- General Options
Optimization Goal                  : Speed
Optimization Effort                : 1
Power Reduction                    : NO
Keep Hierarchy                     : No
Netlist Hierarchy                  : As_Optimized
RTL Output                         : Yes
Global Optimization                : AllClockNets
Read Cores                         : YES
Write Timing Constraints           : NO
Cross Clock Analysis               : NO
Hierarchy Separator                : /
Bus Delimiter                      : <>
Case Specifier                     : Maintain
Slice Utilization Ratio            : 100
BRAM Utilization Ratio             : 100
DSP48 Utilization Ratio            : 100
Auto BRAM Packing                  : NO
Slice Utilization Ratio Delta      : 5

=========================================================================


=========================================================================
*                          HDL Parsing                                  *
=========================================================================
Analyzing Verilog file "C:\Users\S243372\Dropbox\Workspaces\Projects_FPGA\scrolling_display_large_mem\memory_controller.v" into library work
Parsing module <memory_controller>.
Analyzing Verilog file "C:\Users\S243372\Dropbox\Workspaces\Projects_FPGA\four_char_display\four_char_display.v" into library work
Parsing module <four_char_display>.
Analyzing Verilog file "C:\Users\S243372\Dropbox\Workspaces\Projects_FPGA\clock_gen\clock_gen.v" into library work
Parsing module <clock_gen>.
Analyzing Verilog file "C:\Users\S243372\Dropbox\Workspaces\Projects_FPGA\scrolling_display_large_mem\scrolling_display.v" into library work
Parsing module <scrolling_display>.
WARNING:HDLCompiler:751 - "C:\Users\S243372\Dropbox\Workspaces\Projects_FPGA\scrolling_display_large_mem\scrolling_display.v" Line 82: Redeclaration of ansi port ack is not allowed

=========================================================================
*                            HDL Elaboration                            *
=========================================================================
ERROR:HDLCompiler:329 - "C:\Users\S243372\Dropbox\Workspaces\Projects_FPGA\scrolling_display_large_mem\scrolling_display.v" Line 116: Target <data_inout> of concurrent assignment or output port connection should be a net type.
ERROR:HDLCompiler:1190 - "C:\Users\S243372\Dropbox\Workspaces\Projects_FPGA\scrolling_display_large_mem\scrolling_display.v" Line 116: Non-net variable cannot be connected to inout port data_inout
WARNING:HDLCompiler:25 - "C:\Users\S243372\Dropbox\Workspaces\Projects_FPGA\scrolling_display_large_mem\scrolling_display.v" Line 117: Module <memory_controller> does not have a port named <msb>.
WARNING:HDLCompiler:25 - "C:\Users\S243372\Dropbox\Workspaces\Projects_FPGA\scrolling_display_large_mem\scrolling_display.v" Line 118: Module <memory_controller> does not have a port named <lsb>.
ERROR:HDLCompiler:329 - "C:\Users\S243372\Dropbox\Workspaces\Projects_FPGA\scrolling_display_large_mem\scrolling_display.v" Line 121: Target <ack> of concurrent assignment or output port connection should be a net type.
--> 

Total memory usage is 206384 kilobytes

Number of errors   :    3 (   0 filtered)
Number of warnings :    3 (   0 filtered)
Number of infos    :    0 (   0 filtered)

