Release 14.7 - xst P.20131013 (nt64)
Copyright (c) 1995-2013 Xilinx, Inc.  All rights reserved.
--> Parameter TMPDIR set to xst/projnav.tmp


Total REAL time to Xst completion: 1.00 secs
Total CPU time to Xst completion: 0.24 secs
 
--> Parameter xsthdpdir set to xst


Total REAL time to Xst completion: 1.00 secs
Total CPU time to Xst completion: 0.24 secs
 
--> Reading design: high_speed_uart.prj

TABLE OF CONTENTS
  1) Synthesis Options Summary
  2) HDL Parsing
  3) HDL Elaboration
  4) HDL Synthesis
       4.1) HDL Synthesis Report
  5) Advanced HDL Synthesis
       5.1) Advanced HDL Synthesis Report
  6) Low Level Synthesis
  7) Partition Report
  8) Design Summary
       8.1) Primitive and Black Box Usage
       8.2) Device utilization summary
       8.3) Partition Resource Summary
       8.4) Timing Report
            8.4.1) Clock Information
            8.4.2) Asynchronous Control Signals Information
            8.4.3) Timing Summary
            8.4.4) Timing Details
            8.4.5) Cross Clock Domains Report


=========================================================================
*                      Synthesis Options Summary                        *
=========================================================================
---- Source Parameters
Input File Name                    : "high_speed_uart.prj"
Ignore Synthesis Constraint File   : NO

---- Target Parameters
Output File Name                   : "high_speed_uart"
Output Format                      : NGC
Target Device                      : xc6slx9-2-tqg144

---- Source Options
Top Module Name                    : high_speed_uart
Automatic FSM Extraction           : YES
FSM Encoding Algorithm             : Auto
Safe Implementation                : No
FSM Style                          : LUT
RAM Extraction                     : Yes
RAM Style                          : Auto
ROM Extraction                     : Yes
Shift Register Extraction          : YES
ROM Style                          : Auto
Resource Sharing                   : YES
Asynchronous To Synchronous        : NO
Shift Register Minimum Size        : 2
Use DSP Block                      : Auto
Automatic Register Balancing       : No

---- Target Options
LUT Combining                      : Auto
Reduce Control Sets                : Auto
Add IO Buffers                     : YES
Global Maximum Fanout              : 100000
Add Generic Clock Buffer(BUFG)     : 16
Register Duplication               : YES
Optimize Instantiated Primitives   : NO
Use Clock Enable                   : Auto
Use Synchronous Set                : Auto
Use Synchronous Reset              : Auto
Pack IO Registers into IOBs        : Auto
Equivalent register Removal        : YES

---- General Options
Optimization Goal                  : Speed
Optimization Effort                : 1
Power Reduction                    : NO
Keep Hierarchy                     : No
Netlist Hierarchy                  : As_Optimized
RTL Output                         : Yes
Global Optimization                : AllClockNets
Read Cores                         : YES
Write Timing Constraints           : NO
Cross Clock Analysis               : NO
Hierarchy Separator                : /
Bus Delimiter                      : <>
Case Specifier                     : Maintain
Slice Utilization Ratio            : 100
BRAM Utilization Ratio             : 100
DSP48 Utilization Ratio            : 100
Auto BRAM Packing                  : NO
Slice Utilization Ratio Delta      : 5

=========================================================================


=========================================================================
*                          HDL Parsing                                  *
=========================================================================
Analyzing Verilog file "C:\Users\S243372\Dropbox\Workspaces\Projects_FPGA\high_speed_uart\high_speed_uart.v" into library work
Parsing module <high_speed_uart>.

=========================================================================
*                            HDL Elaboration                            *
=========================================================================

Elaborating module <high_speed_uart>.

=========================================================================
*                           HDL Synthesis                               *
=========================================================================

Synthesizing Unit <high_speed_uart>.
    Related source file is "C:\Users\S243372\Dropbox\Workspaces\Projects_FPGA\high_speed_uart\high_speed_uart.v".
        CLOCK_RATE = 32000000
        BAUD_RATE = 921600
        SAMPLE_COUNT = 4
        DIVIDER = 8
        BITS_DIVIDER = 8
        IDLE = 3'b000
        START = 3'b001
        BUSY = 3'b010
        STOP = 3'b011
        READ = 3'b100
        FRAME_ERR = 3'b101
    Found 1-bit register for signal <tx>.
    Found 3-bit register for signal <rx_state>.
    Found 3-bit register for signal <bit_counter>.
    Found 3-bit register for signal <tx_state>.
    Found 3-bit register for signal <tx_bit_counter>.
    Found 8-bit register for signal <rx_byte>.
    Found 8-bit register for signal <tx_copy>.
    Found 4-bit register for signal <sample_counter>.
    Found 4-bit register for signal <tx_counter>.
    Found 1-bit register for signal <ready>.
    Found 1-bit register for signal <frame_err>.
    Found 1-bit register for signal <sample_locked>.
    Found 1-bit register for signal <sample_clk>.
    Found 1-bit register for signal <rx_1>.
    Found 1-bit register for signal <rx_bit>.
    Found 1-bit register for signal <start_flag>.
    Found 8-bit register for signal <clk_divide_tx>.
    Found 1-bit register for signal <tx_ready_held>.
    Found 8-bit register for signal <clk_divide>.
    Found finite state machine <FSM_0> for signal <rx_state>.
    -----------------------------------------------------------------------
    | States             | 6                                              |
    | Transitions        | 13                                             |
    | Inputs             | 5                                              |
    | Outputs            | 6                                              |
    | Clock              | sample_clk (rising_edge)                       |
    | Reset              | rst (positive)                                 |
    | Reset type         | asynchronous                                   |
    | Reset State        | 000                                            |
    | Encoding           | auto                                           |
    | Implementation     | LUT                                            |
    -----------------------------------------------------------------------
    Found finite state machine <FSM_1> for signal <tx_state>.
    -----------------------------------------------------------------------
    | States             | 4                                              |
    | Transitions        | 9                                              |
    | Inputs             | 3                                              |
    | Outputs            | 2                                              |
    | Clock              | sample_clk (rising_edge)                       |
    | Reset              | rst (positive)                                 |
    | Reset type         | asynchronous                                   |
    | Reset State        | 000                                            |
    | Encoding           | auto                                           |
    | Implementation     | LUT                                            |
    -----------------------------------------------------------------------
    Found 8-bit adder for signal <clk_divide[7]_GND_1_o_add_3_OUT> created at line 130.
    Found 3-bit adder for signal <bit_counter[2]_GND_1_o_add_19_OUT> created at line 231.
    Found 4-bit adder for signal <sample_counter[3]_GND_1_o_add_32_OUT> created at line 258.
    Found 8-bit adder for signal <clk_divide_tx[7]_GND_1_o_add_48_OUT> created at line 319.
    Found 3-bit adder for signal <tx_bit_counter[2]_GND_1_o_add_58_OUT> created at line 368.
    Found 4-bit adder for signal <tx_counter[3]_GND_1_o_add_59_OUT> created at line 375.
    Found 8-bit shifter logical left for signal <GND_1_o_bit_counter[2]_shift_left_16_OUT> created at line 221
    Found 1-bit 8-to-1 multiplexer for signal <tx_bit_counter[2]_tx_copy[7]_Mux_57_o> created at line 367.
    Found 3-bit 4-to-1 multiplexer for signal <_n0232> created at line 345.
    Found 1-bit 4-to-1 multiplexer for signal <_n0241> created at line 345.
    Summary:
	inferred   6 Adder/Subtractor(s).
	inferred  55 D-type flip-flop(s).
	inferred  29 Multiplexer(s).
	inferred   1 Combinational logic shifter(s).
	inferred   2 Finite State Machine(s).
Unit <high_speed_uart> synthesized.

=========================================================================
HDL Synthesis Report

Macro Statistics
# Adders/Subtractors                                   : 6
 3-bit adder                                           : 2
 4-bit adder                                           : 2
 8-bit adder                                           : 2
# Registers                                            : 17
 1-bit register                                        : 9
 3-bit register                                        : 2
 4-bit register                                        : 2
 8-bit register                                        : 4
# Multiplexers                                         : 29
 1-bit 2-to-1 multiplexer                              : 4
 1-bit 4-to-1 multiplexer                              : 1
 1-bit 8-to-1 multiplexer                              : 1
 3-bit 2-to-1 multiplexer                              : 9
 3-bit 4-to-1 multiplexer                              : 1
 4-bit 2-to-1 multiplexer                              : 7
 8-bit 2-to-1 multiplexer                              : 6
# Logic shifters                                       : 1
 8-bit shifter logical left                            : 1
# FSMs                                                 : 2

=========================================================================

=========================================================================
*                       Advanced HDL Synthesis                          *
=========================================================================


Synthesizing (advanced) Unit <high_speed_uart>.
The following registers are absorbed into counter <clk_divide>: 1 register on signal <clk_divide>.
Unit <high_speed_uart> synthesized (advanced).

=========================================================================
Advanced HDL Synthesis Report

Macro Statistics
# Adders/Subtractors                                   : 5
 3-bit adder                                           : 2
 4-bit adder                                           : 2
 8-bit adder                                           : 1
# Counters                                             : 1
 8-bit up counter                                      : 1
# Registers                                            : 47
 Flip-Flops                                            : 47
# Multiplexers                                         : 29
 1-bit 2-to-1 multiplexer                              : 4
 1-bit 4-to-1 multiplexer                              : 1
 1-bit 8-to-1 multiplexer                              : 1
 3-bit 2-to-1 multiplexer                              : 9
 3-bit 4-to-1 multiplexer                              : 1
 4-bit 2-to-1 multiplexer                              : 7
 8-bit 2-to-1 multiplexer                              : 6
# Logic shifters                                       : 1
 8-bit shifter logical left                            : 1
# FSMs                                                 : 2

=========================================================================

=========================================================================
*                         Low Level Synthesis                           *
=========================================================================
Analyzing FSM <MFsm> for best encoding.
Optimizing FSM <FSM_1> on signal <tx_state[1:2]> with gray encoding.
-------------------
 State | Encoding
-------------------
 000   | 00
 001   | 01
 010   | 11
 011   | 10
-------------------
Analyzing FSM <MFsm> for best encoding.
Optimizing FSM <FSM_0> on signal <rx_state[1:3]> with user encoding.
-------------------
 State | Encoding
-------------------
 000   | 000
 001   | 001
 010   | 010
 011   | 011
 101   | 101
 100   | 100
-------------------

Optimizing unit <high_speed_uart> ...
WARNING:Xst:1710 - FF/Latch <clk_divide_tx_4> (without init value) has a constant value of 0 in block <high_speed_uart>. This FF/Latch will be trimmed during the optimization process.
WARNING:Xst:1895 - Due to other FF/Latch trimming, FF/Latch <clk_divide_tx_5> (without init value) has a constant value of 0 in block <high_speed_uart>. This FF/Latch will be trimmed during the optimization process.
WARNING:Xst:1895 - Due to other FF/Latch trimming, FF/Latch <clk_divide_tx_6> (without init value) has a constant value of 0 in block <high_speed_uart>. This FF/Latch will be trimmed during the optimization process.
WARNING:Xst:1895 - Due to other FF/Latch trimming, FF/Latch <clk_divide_tx_7> (without init value) has a constant value of 0 in block <high_speed_uart>. This FF/Latch will be trimmed during the optimization process.
WARNING:Xst:1895 - Due to other FF/Latch trimming, FF/Latch <sample_counter_2> (without init value) has a constant value of 0 in block <high_speed_uart>. This FF/Latch will be trimmed during the optimization process.
WARNING:Xst:1895 - Due to other FF/Latch trimming, FF/Latch <sample_counter_3> (without init value) has a constant value of 0 in block <high_speed_uart>. This FF/Latch will be trimmed during the optimization process.
WARNING:Xst:1895 - Due to other FF/Latch trimming, FF/Latch <clk_divide_4> (without init value) has a constant value of 0 in block <high_speed_uart>. This FF/Latch will be trimmed during the optimization process.
WARNING:Xst:1895 - Due to other FF/Latch trimming, FF/Latch <clk_divide_7> (without init value) has a constant value of 0 in block <high_speed_uart>. This FF/Latch will be trimmed during the optimization process.
WARNING:Xst:1895 - Due to other FF/Latch trimming, FF/Latch <clk_divide_5> (without init value) has a constant value of 0 in block <high_speed_uart>. This FF/Latch will be trimmed during the optimization process.
WARNING:Xst:1895 - Due to other FF/Latch trimming, FF/Latch <clk_divide_6> (without init value) has a constant value of 0 in block <high_speed_uart>. This FF/Latch will be trimmed during the optimization process.

Mapping all equations...
Building and optimizing final netlist ...
Found area constraint ratio of 100 (+ 5) on block high_speed_uart, actual ratio is 1.

Final Macro Processing ...

=========================================================================
Final Register Report

Macro Statistics
# Registers                                            : 50
 Flip-Flops                                            : 50

=========================================================================

=========================================================================
*                           Partition Report                            *
=========================================================================

Partition Implementation Status
-------------------------------

  No Partitions were found in this design.

-------------------------------

=========================================================================
*                            Design Summary                             *
=========================================================================

Top Level Output File Name         : high_speed_uart.ngc

Primitive and Black Box Usage:
------------------------------
# BELS                             : 78
#      GND                         : 1
#      INV                         : 3
#      LUT1                        : 3
#      LUT2                        : 5
#      LUT3                        : 14
#      LUT4                        : 8
#      LUT5                        : 21
#      LUT6                        : 12
#      MUXCY                       : 3
#      MUXF7                       : 3
#      VCC                         : 1
#      XORCY                       : 4
# FlipFlops/Latches                : 50
#      FDC                         : 19
#      FDCE                        : 16
#      FDP                         : 1
#      FDR                         : 12
#      FDS                         : 2
# Clock Buffers                    : 2
#      BUFG                        : 1
#      BUFGP                       : 1
# IO Buffers                       : 22
#      IBUF                        : 11
#      OBUF                        : 11

Device utilization summary:
---------------------------

Selected Device : 6slx9tqg144-2 


Slice Logic Utilization: 
 Number of Slice Registers:              50  out of  11440     0%  
 Number of Slice LUTs:                   66  out of   5720     1%  
    Number used as Logic:                66  out of   5720     1%  

Slice Logic Distribution: 
 Number of LUT Flip Flop pairs used:     67
   Number with an unused Flip Flop:      17  out of     67    25%  
   Number with an unused LUT:             1  out of     67     1%  
   Number of fully used LUT-FF pairs:    49  out of     67    73%  
   Number of unique control sets:         7

IO Utilization: 
 Number of IOs:                          23
 Number of bonded IOBs:                  23  out of    102    22%  

Specific Feature Utilization:
 Number of BUFG/BUFGCTRLs:                2  out of     16    12%  

---------------------------
Partition Resource Summary:
---------------------------

  No Partitions were found in this design.

---------------------------


=========================================================================
Timing Report

NOTE: THESE TIMING NUMBERS ARE ONLY A SYNTHESIS ESTIMATE.
      FOR ACCURATE TIMING INFORMATION PLEASE REFER TO THE TRACE REPORT
      GENERATED AFTER PLACE-and-ROUTE.

Clock Information:
------------------
-----------------------------------+------------------------+-------+
Clock Signal                       | Clock buffer(FF name)  | Load  |
-----------------------------------+------------------------+-------+
clk                                | BUFGP                  | 14    |
sample_clk                         | BUFG                   | 36    |
-----------------------------------+------------------------+-------+

Asynchronous Control Signals Information:
----------------------------------------
No asynchronous control signals found in this design

Timing Summary:
---------------
Speed Grade: -2

   Minimum period: 3.430ns (Maximum Frequency: 291.545MHz)
   Minimum input arrival time before clock: 4.995ns
   Maximum output required time after clock: 4.202ns
   Maximum combinational path delay: No path found

Timing Details:
---------------
All values displayed in nanoseconds (ns)

=========================================================================
Timing constraint: Default period analysis for Clock 'clk'
  Clock period: 3.121ns (frequency: 320.410MHz)
  Total number of paths / destination ports: 60 / 18
-------------------------------------------------------------------------
Delay:               3.121ns (Levels of Logic = 1)
  Source:            clk_divide_2 (FF)
  Destination:       clk_divide_1 (FF)
  Source Clock:      clk rising
  Destination Clock: clk rising

  Data Path: clk_divide_2 to clk_divide_1
                                Gate     Net
    Cell:in->out      fanout   Delay   Delay  Logical Name (Net Name)
    ----------------------------------------  ------------
     FDR:C->Q              4   0.525   1.080  clk_divide_2 (clk_divide_2)
     LUT5:I1->O            4   0.254   0.803  Mcount_clk_divide_val1 (Mcount_clk_divide_val)
     FDR:R                     0.459          clk_divide_0
    ----------------------------------------
    Total                      3.121ns (1.238ns logic, 1.883ns route)
                                       (39.7% logic, 60.3% route)

=========================================================================
Timing constraint: Default period analysis for Clock 'sample_clk'
  Clock period: 3.430ns (frequency: 291.545MHz)
  Total number of paths / destination ports: 250 / 52
-------------------------------------------------------------------------
Delay:               3.430ns (Levels of Logic = 1)
  Source:            sample_counter_1 (FF)
  Destination:       rx_byte_0 (FF)
  Source Clock:      sample_clk rising
  Destination Clock: sample_clk rising

  Data Path: sample_counter_1 to rx_byte_0
                                Gate     Net
    Cell:in->out      fanout   Delay   Delay  Logical Name (Net Name)
    ----------------------------------------  ------------
     FDC:C->Q              9   0.525   1.406  sample_counter_1 (sample_counter_1)
     LUT5:I0->O            8   0.254   0.943  _n0274_inv1 (_n0274_inv)
     FDCE:CE                   0.302          rx_byte_0
    ----------------------------------------
    Total                      3.430ns (1.081ns logic, 2.349ns route)
                                       (31.5% logic, 68.5% route)

=========================================================================
Timing constraint: Default OFFSET IN BEFORE for Clock 'clk'
  Total number of paths / destination ports: 20 / 16
-------------------------------------------------------------------------
Offset:              4.995ns (Levels of Logic = 2)
  Source:            rst (PAD)
  Destination:       clk_divide_1 (FF)
  Destination Clock: clk rising

  Data Path: rst to clk_divide_1
                                Gate     Net
    Cell:in->out      fanout   Delay   Delay  Logical Name (Net Name)
    ----------------------------------------  ------------
     IBUF:I->O            44   1.328   2.151  rst_IBUF (rst_IBUF)
     LUT5:I0->O            4   0.254   0.803  Mcount_clk_divide_val1 (Mcount_clk_divide_val)
     FDR:R                     0.459          clk_divide_0
    ----------------------------------------
    Total                      4.995ns (2.041ns logic, 2.954ns route)
                                       (40.9% logic, 59.1% route)

=========================================================================
Timing constraint: Default OFFSET IN BEFORE for Clock 'sample_clk'
  Total number of paths / destination ports: 44 / 44
-------------------------------------------------------------------------
Offset:              3.507ns (Levels of Logic = 1)
  Source:            rst (PAD)
  Destination:       ready (FF)
  Destination Clock: sample_clk rising

  Data Path: rst to ready
                                Gate     Net
    Cell:in->out      fanout   Delay   Delay  Logical Name (Net Name)
    ----------------------------------------  ------------
     IBUF:I->O            44   1.328   1.720  rst_IBUF (rst_IBUF)
     FDC:CLR                   0.459          ready
    ----------------------------------------
    Total                      3.507ns (1.787ns logic, 1.720ns route)
                                       (51.0% logic, 49.0% route)

=========================================================================
Timing constraint: Default OFFSET OUT AFTER for Clock 'sample_clk'
  Total number of paths / destination ports: 11 / 11
-------------------------------------------------------------------------
Offset:              4.202ns (Levels of Logic = 1)
  Source:            tx (FF)
  Destination:       tx (PAD)
  Source Clock:      sample_clk rising

  Data Path: tx to tx
                                Gate     Net
    Cell:in->out      fanout   Delay   Delay  Logical Name (Net Name)
    ----------------------------------------  ------------
     FDP:C->Q              3   0.525   0.765  tx (tx_OBUF)
     OBUF:I->O                 2.912          tx_OBUF (tx)
    ----------------------------------------
    Total                      4.202ns (3.437ns logic, 0.765ns route)
                                       (81.8% logic, 18.2% route)

=========================================================================

Cross Clock Domains Report:
--------------------------

Clock to Setup on destination clock clk
---------------+---------+---------+---------+---------+
               | Src:Rise| Src:Fall| Src:Rise| Src:Fall|
Source Clock   |Dest:Rise|Dest:Rise|Dest:Fall|Dest:Fall|
---------------+---------+---------+---------+---------+
clk            |    3.121|         |         |         |
sample_clk     |    3.481|         |         |         |
---------------+---------+---------+---------+---------+

Clock to Setup on destination clock sample_clk
---------------+---------+---------+---------+---------+
               | Src:Rise| Src:Fall| Src:Rise| Src:Fall|
Source Clock   |Dest:Rise|Dest:Rise|Dest:Fall|Dest:Fall|
---------------+---------+---------+---------+---------+
clk            |    2.952|         |         |         |
sample_clk     |    3.430|         |         |         |
---------------+---------+---------+---------+---------+

=========================================================================


Total REAL time to Xst completion: 8.00 secs
Total CPU time to Xst completion: 7.82 secs
 
--> 

Total memory usage is 255900 kilobytes

Number of errors   :    0 (   0 filtered)
Number of warnings :   10 (   0 filtered)
Number of infos    :    0 (   0 filtered)

