Release 14.7 - xst P.20131013 (nt64)
Copyright (c) 1995-2013 Xilinx, Inc.  All rights reserved.
--> Parameter TMPDIR set to xst/projnav.tmp


Total REAL time to Xst completion: 0.00 secs
Total CPU time to Xst completion: 0.18 secs
 
--> Parameter xsthdpdir set to xst


Total REAL time to Xst completion: 0.00 secs
Total CPU time to Xst completion: 0.18 secs
 
--> Reading design: four_char_example.prj

TABLE OF CONTENTS
  1) Synthesis Options Summary
  2) HDL Parsing
  3) HDL Elaboration
  4) HDL Synthesis
       4.1) HDL Synthesis Report
  5) Advanced HDL Synthesis
       5.1) Advanced HDL Synthesis Report
  6) Low Level Synthesis
  7) Partition Report
  8) Design Summary
       8.1) Primitive and Black Box Usage
       8.2) Device utilization summary
       8.3) Partition Resource Summary
       8.4) Timing Report
            8.4.1) Clock Information
            8.4.2) Asynchronous Control Signals Information
            8.4.3) Timing Summary
            8.4.4) Timing Details
            8.4.5) Cross Clock Domains Report


=========================================================================
*                      Synthesis Options Summary                        *
=========================================================================
---- Source Parameters
Input File Name                    : "four_char_example.prj"
Ignore Synthesis Constraint File   : NO

---- Target Parameters
Output File Name                   : "four_char_example"
Output Format                      : NGC
Target Device                      : xc6slx4-2-tqg144

---- Source Options
Top Module Name                    : four_char_example
Automatic FSM Extraction           : YES
FSM Encoding Algorithm             : Auto
Safe Implementation                : No
FSM Style                          : LUT
RAM Extraction                     : Yes
RAM Style                          : Auto
ROM Extraction                     : Yes
Shift Register Extraction          : YES
ROM Style                          : Auto
Resource Sharing                   : YES
Asynchronous To Synchronous        : NO
Shift Register Minimum Size        : 2
Use DSP Block                      : Auto
Automatic Register Balancing       : No

---- Target Options
LUT Combining                      : Auto
Reduce Control Sets                : Auto
Add IO Buffers                     : YES
Global Maximum Fanout              : 100000
Add Generic Clock Buffer(BUFG)     : 16
Register Duplication               : YES
Optimize Instantiated Primitives   : NO
Use Clock Enable                   : Auto
Use Synchronous Set                : Auto
Use Synchronous Reset              : Auto
Pack IO Registers into IOBs        : Auto
Equivalent register Removal        : YES

---- General Options
Optimization Goal                  : Speed
Optimization Effort                : 1
Power Reduction                    : NO
Keep Hierarchy                     : No
Netlist Hierarchy                  : As_Optimized
RTL Output                         : Yes
Global Optimization                : AllClockNets
Read Cores                         : YES
Write Timing Constraints           : NO
Cross Clock Analysis               : NO
Hierarchy Separator                : /
Bus Delimiter                      : <>
Case Specifier                     : Maintain
Slice Utilization Ratio            : 100
BRAM Utilization Ratio             : 100
DSP48 Utilization Ratio            : 100
Auto BRAM Packing                  : NO
Slice Utilization Ratio Delta      : 5

=========================================================================


=========================================================================
*                          HDL Parsing                                  *
=========================================================================
Analyzing Verilog file "C:\Users\S243372\Dropbox\Workspaces\Projects_FPGA\four_char_display\four_char_display.v" into library work
Parsing module <four_char_display>.
Analyzing Verilog file "C:\Users\S243372\Dropbox\Workspaces\Projects_FPGA\Clock_Divider\divider.v" into library work
Parsing module <divider>.
Analyzing Verilog file "C:\Users\S243372\Dropbox\Workspaces\Projects_FPGA\four_char_example\four_char_example.v" into library work
Parsing module <four_char_example>.

=========================================================================
*                            HDL Elaboration                            *
=========================================================================

Elaborating module <four_char_example>.

Elaborating module <divider>.
WARNING:HDLCompiler:1127 - "C:\Users\S243372\Dropbox\Workspaces\Projects_FPGA\four_char_example\four_char_example.v" Line 40: Assignment to q_clk ignored, since the identifier is never used

Elaborating module <four_char_display>.
WARNING:HDLCompiler:634 - "C:\Users\S243372\Dropbox\Workspaces\Projects_FPGA\four_char_example\four_char_example.v" Line 37: Net <enable> does not have a driver.
WARNING:Xst:2972 - "C:\Users\S243372\Dropbox\Workspaces\Projects_FPGA\four_char_example\four_char_example.v" line 36. All outputs of instance <clock_div> of block <divider> are unconnected in block <four_char_example>. Underlying logic will be removed.

=========================================================================
*                           HDL Synthesis                               *
=========================================================================

Synthesizing Unit <four_char_example>.
    Related source file is "C:\Users\S243372\Dropbox\Workspaces\Projects_FPGA\four_char_example\four_char_example.v".
INFO:Xst:3210 - "C:\Users\S243372\Dropbox\Workspaces\Projects_FPGA\four_char_example\four_char_example.v" line 36: Output port <out1> of the instance <clock_div> is unconnected or connected to loadless signal.
WARNING:Xst:653 - Signal <enable> is used but never assigned. This sourceless signal will be automatically connected to value GND.
    WARNING:Xst:2404 -  FFs/Latches <digit1<1:2>> (without init value) have a constant value of 0 in block <four_char_example>.
    WARNING:Xst:2404 -  FFs/Latches <digit1<2:3>> (without init value) have a constant value of 1 in block <four_char_example>.
    WARNING:Xst:2404 -  FFs/Latches <digit1<3:5>> (without init value) have a constant value of 0 in block <four_char_example>.
    WARNING:Xst:2404 -  FFs/Latches <digit1<5:5>> (without init value) have a constant value of 1 in block <four_char_example>.
    WARNING:Xst:2404 -  FFs/Latches <digit2<1:2>> (without init value) have a constant value of 0 in block <four_char_example>.
    WARNING:Xst:2404 -  FFs/Latches <digit2<2:3>> (without init value) have a constant value of 1 in block <four_char_example>.
    WARNING:Xst:2404 -  FFs/Latches <digit2<3:4>> (without init value) have a constant value of 0 in block <four_char_example>.
    WARNING:Xst:2404 -  FFs/Latches <digit2<4:4>> (without init value) have a constant value of 1 in block <four_char_example>.
    WARNING:Xst:2404 -  FFs/Latches <digit2<4:4>> (without init value) have a constant value of 0 in block <four_char_example>.
    WARNING:Xst:2404 -  FFs/Latches <digit3<1:2>> (without init value) have a constant value of 0 in block <four_char_example>.
    WARNING:Xst:2404 -  FFs/Latches <digit3<2:3>> (without init value) have a constant value of 1 in block <four_char_example>.
    WARNING:Xst:2404 -  FFs/Latches <digit3<3:4>> (without init value) have a constant value of 0 in block <four_char_example>.
    WARNING:Xst:2404 -  FFs/Latches <digit3<4:5>> (without init value) have a constant value of 1 in block <four_char_example>.
    WARNING:Xst:2404 -  FFs/Latches <leds<1:1>> (without init value) have a constant value of 1 in block <four_char_example>.
    WARNING:Xst:2404 -  FFs/Latches <leds<1:1>> (without init value) have a constant value of 0 in block <four_char_example>.
    WARNING:Xst:2404 -  FFs/Latches <leds<1:1>> (without init value) have a constant value of 1 in block <four_char_example>.
    WARNING:Xst:2404 -  FFs/Latches <leds<1:1>> (without init value) have a constant value of 0 in block <four_char_example>.
    WARNING:Xst:2404 -  FFs/Latches <leds<1:1>> (without init value) have a constant value of 1 in block <four_char_example>.
    WARNING:Xst:2404 -  FFs/Latches <leds<1:1>> (without init value) have a constant value of 0 in block <four_char_example>.
    WARNING:Xst:2404 -  FFs/Latches <leds<1:1>> (without init value) have a constant value of 1 in block <four_char_example>.
    WARNING:Xst:2404 -  FFs/Latches <leds<1:1>> (without init value) have a constant value of 0 in block <four_char_example>.
    WARNING:Xst:2404 -  FFs/Latches <digit0<1:2>> (without init value) have a constant value of 0 in block <four_char_example>.
    WARNING:Xst:2404 -  FFs/Latches <digit0<2:3>> (without init value) have a constant value of 1 in block <four_char_example>.
    WARNING:Xst:2404 -  FFs/Latches <digit0<3:6>> (without init value) have a constant value of 0 in block <four_char_example>.
    Summary:
	no macro.
Unit <four_char_example> synthesized.

Synthesizing Unit <four_char_display>.
    Related source file is "C:\Users\S243372\Dropbox\Workspaces\Projects_FPGA\four_char_display\four_char_display.v".
    Found 2-bit register for signal <display_cnt>.
    Found 8-bit register for signal <segments>.
    Found 4-bit register for signal <digit_select>.
    Found 2-bit adder for signal <display_cnt[1]_GND_3_o_add_210_OUT> created at line 64.
    Found 4x4-bit Read Only RAM for signal <display_cnt[1]_PWR_3_o_wide_mux_209_OUT>
    Found 8-bit 4-to-1 multiplexer for signal <display_cnt[1]_digit3[7]_wide_mux_208_OUT> created at line 42.
    Summary:
	inferred   1 RAM(s).
	inferred   1 Adder/Subtractor(s).
	inferred  14 D-type flip-flop(s).
	inferred   1 Multiplexer(s).
Unit <four_char_display> synthesized.

=========================================================================
HDL Synthesis Report

Macro Statistics
# RAMs                                                 : 1
 4x4-bit single-port Read Only RAM                     : 1
# Adders/Subtractors                                   : 1
 2-bit adder                                           : 1
# Registers                                            : 3
 2-bit register                                        : 1
 4-bit register                                        : 1
 8-bit register                                        : 1
# Multiplexers                                         : 1
 8-bit 4-to-1 multiplexer                              : 1

=========================================================================

=========================================================================
*                       Advanced HDL Synthesis                          *
=========================================================================


Synthesizing (advanced) Unit <four_char_display>.
The following registers are absorbed into counter <display_cnt>: 1 register on signal <display_cnt>.
INFO:Xst:3231 - The small RAM <Mram_display_cnt[1]_PWR_3_o_wide_mux_209_OUT> will be implemented on LUTs in order to maximize performance and save block RAM resources. If you want to force its implementation on block, use option/constraint ram_style.
    -----------------------------------------------------------------------
    | ram_type           | Distributed                         |          |
    -----------------------------------------------------------------------
    | Port A                                                              |
    |     aspect ratio   | 4-word x 4-bit                      |          |
    |     weA            | connected to signal <GND>           | high     |
    |     addrA          | connected to signal <display_cnt>   |          |
    |     diA            | connected to signal <GND>           |          |
    |     doA            | connected to internal node          |          |
    -----------------------------------------------------------------------
Unit <four_char_display> synthesized (advanced).

=========================================================================
Advanced HDL Synthesis Report

Macro Statistics
# RAMs                                                 : 1
 4x4-bit single-port distributed Read Only RAM         : 1
# Counters                                             : 1
 2-bit up counter                                      : 1
# Registers                                            : 12
 Flip-Flops                                            : 12
# Multiplexers                                         : 1
 8-bit 4-to-1 multiplexer                              : 1

=========================================================================

=========================================================================
*                         Low Level Synthesis                           *
=========================================================================
WARNING:Xst:1710 - FF/Latch <segments_1> (without init value) has a constant value of 1 in block <four_char_display>. This FF/Latch will be trimmed during the optimization process.
WARNING:Xst:1895 - Due to other FF/Latch trimming, FF/Latch <segments_7> (without init value) has a constant value of 0 in block <four_char_display>. This FF/Latch will be trimmed during the optimization process.
INFO:Xst:2261 - The FF/Latch <segments_0> in Unit <four_char_display> is equivalent to the following FF/Latch, which will be removed : <segments_3> 
INFO:Xst:2261 - The FF/Latch <segments_5> in Unit <four_char_display> is equivalent to the following FF/Latch, which will be removed : <digit_select_0> 

Optimizing unit <four_char_example> ...

Optimizing unit <four_char_display> ...

Mapping all equations...
Building and optimizing final netlist ...
Found area constraint ratio of 100 (+ 5) on block four_char_example, actual ratio is 0.

Final Macro Processing ...

=========================================================================
Final Register Report

Macro Statistics
# Registers                                            : 10
 Flip-Flops                                            : 10

=========================================================================

=========================================================================
*                           Partition Report                            *
=========================================================================

Partition Implementation Status
-------------------------------

  No Partitions were found in this design.

-------------------------------

=========================================================================
*                            Design Summary                             *
=========================================================================

Top Level Output File Name         : four_char_example.ngc

Primitive and Black Box Usage:
------------------------------
# BELS                             : 11
#      GND                         : 1
#      INV                         : 2
#      LUT2                        : 7
#      VCC                         : 1
# FlipFlops/Latches                : 10
#      FDC                         : 2
#      FDE                         : 8
# Clock Buffers                    : 1
#      BUFGP                       : 1
# IO Buffers                       : 21
#      IBUF                        : 1
#      OBUF                        : 20

Device utilization summary:
---------------------------

Selected Device : 6slx4tqg144-2 


Slice Logic Utilization: 
 Number of Slice Registers:              10  out of   4800     0%  
 Number of Slice LUTs:                    9  out of   2400     0%  
    Number used as Logic:                 9  out of   2400     0%  

Slice Logic Distribution: 
 Number of LUT Flip Flop pairs used:     11
   Number with an unused Flip Flop:       1  out of     11     9%  
   Number with an unused LUT:             2  out of     11    18%  
   Number of fully used LUT-FF pairs:     8  out of     11    72%  
   Number of unique control sets:         2

IO Utilization: 
 Number of IOs:                          22
 Number of bonded IOBs:                  22  out of    102    21%  

Specific Feature Utilization:
 Number of BUFG/BUFGCTRLs:                1  out of     16     6%  

---------------------------
Partition Resource Summary:
---------------------------

  No Partitions were found in this design.

---------------------------


=========================================================================
Timing Report

NOTE: THESE TIMING NUMBERS ARE ONLY A SYNTHESIS ESTIMATE.
      FOR ACCURATE TIMING INFORMATION PLEASE REFER TO THE TRACE REPORT
      GENERATED AFTER PLACE-and-ROUTE.

Clock Information:
------------------
-----------------------------------+------------------------+-------+
Clock Signal                       | Clock buffer(FF name)  | Load  |
-----------------------------------+------------------------+-------+
clk                                | BUFGP                  | 10    |
-----------------------------------+------------------------+-------+

Asynchronous Control Signals Information:
----------------------------------------
No asynchronous control signals found in this design

Timing Summary:
---------------
Speed Grade: -2

   Minimum period: 2.522ns (Maximum Frequency: 396.511MHz)
   Minimum input arrival time before clock: 3.742ns
   Maximum output required time after clock: 4.162ns
   Maximum combinational path delay: No path found

Timing Details:
---------------
All values displayed in nanoseconds (ns)

=========================================================================
Timing constraint: Default period analysis for Clock 'clk'
  Clock period: 2.522ns (frequency: 396.511MHz)
  Total number of paths / destination ports: 17 / 10
-------------------------------------------------------------------------
Delay:               2.522ns (Levels of Logic = 1)
  Source:            display/display_cnt_0 (FF)
  Destination:       display/display_cnt_0 (FF)
  Source Clock:      clk rising
  Destination Clock: clk rising

  Data Path: display/display_cnt_0 to display/display_cnt_0
                                Gate     Net
    Cell:in->out      fanout   Delay   Delay  Logical Name (Net Name)
    ----------------------------------------  ------------
     FDC:C->Q              8   0.525   0.943  display/display_cnt_0 (display/display_cnt_0)
     INV:I->O              2   0.255   0.725  display/Result<0>1_INV_0 (display/Result<0>)
     FDC:D                     0.074          display/display_cnt_0
    ----------------------------------------
    Total                      2.522ns (0.854ns logic, 1.668ns route)
                                       (33.9% logic, 66.1% route)

=========================================================================
Timing constraint: Default OFFSET IN BEFORE for Clock 'clk'
  Total number of paths / destination ports: 10 / 10
-------------------------------------------------------------------------
Offset:              3.742ns (Levels of Logic = 2)
  Source:            rstn (PAD)
  Destination:       display/display_cnt_1 (FF)
  Destination Clock: clk rising

  Data Path: rstn to display/display_cnt_1
                                Gate     Net
    Cell:in->out      fanout   Delay   Delay  Logical Name (Net Name)
    ----------------------------------------  ------------
     IBUF:I->O             9   1.328   0.975  rstn_IBUF (display/rst_inv)
     INV:I->O              2   0.255   0.725  rst1_INV_0 (rst)
     FDC:CLR                   0.459          display/display_cnt_0
    ----------------------------------------
    Total                      3.742ns (2.042ns logic, 1.700ns route)
                                       (54.6% logic, 45.4% route)

=========================================================================
Timing constraint: Default OFFSET OUT AFTER for Clock 'clk'
  Total number of paths / destination ports: 10 / 10
-------------------------------------------------------------------------
Offset:              4.162ns (Levels of Logic = 1)
  Source:            display/segments_5 (FF)
  Destination:       segments<5> (PAD)
  Source Clock:      clk rising

  Data Path: display/segments_5 to segments<5>
                                Gate     Net
    Cell:in->out      fanout   Delay   Delay  Logical Name (Net Name)
    ----------------------------------------  ------------
     FDE:C->Q              2   0.525   0.725  display/segments_5 (display/segments_5)
     OBUF:I->O                 2.912          segments_5_OBUF (segments<5>)
    ----------------------------------------
    Total                      4.162ns (3.437ns logic, 0.725ns route)
                                       (82.6% logic, 17.4% route)

=========================================================================

Cross Clock Domains Report:
--------------------------

Clock to Setup on destination clock clk
---------------+---------+---------+---------+---------+
               | Src:Rise| Src:Fall| Src:Rise| Src:Fall|
Source Clock   |Dest:Rise|Dest:Rise|Dest:Fall|Dest:Fall|
---------------+---------+---------+---------+---------+
clk            |    2.522|         |         |         |
---------------+---------+---------+---------+---------+

=========================================================================


Total REAL time to Xst completion: 7.00 secs
Total CPU time to Xst completion: 7.29 secs
 
--> 

Total memory usage is 258296 kilobytes

Number of errors   :    0 (   0 filtered)
Number of warnings :   30 (   0 filtered)
Number of infos    :    4 (   0 filtered)

