Release 14.7 Map P.20131013 (lin)
Xilinx Mapping Report File for Design 'host_display'

Design Information
------------------
Command Line   : map -intstyle ise -p xc6slx9-tqg144-2 -w -logic_opt off -ol
high -t 1 -xt 0 -register_duplication off -r 4 -global_opt off -mt off -ir off
-pr off -lc off -power off -o host_display_map.ncd host_display.ngd
host_display.pcf 
Target Device  : xc6slx9
Target Package : tqg144
Target Speed   : -2
Mapper Version : spartan6 -- $Revision: 1.55 $
Mapped Date    : Tue Jul 29 22:20:49 2014

Design Summary
--------------
Number of errors:      0
Number of warnings:    0
Slice Logic Utilization:
  Number of Slice Registers:                   423 out of  11,440    3%
    Number used as Flip Flops:                 423
    Number used as Latches:                      0
    Number used as Latch-thrus:                  0
    Number used as AND/OR logics:                0
  Number of Slice LUTs:                        951 out of   5,720   16%
    Number used as logic:                      948 out of   5,720   16%
      Number using O6 output only:             844
      Number using O5 output only:              20
      Number using O5 and O6:                   84
      Number used as ROM:                        0
    Number used as Memory:                       0 out of   1,440    0%
    Number used exclusively as route-thrus:      3
      Number with same-slice register load:      2
      Number with same-slice carry load:         1
      Number with other load:                    0

Slice Logic Distribution:
  Number of occupied Slices:                   314 out of   1,430   21%
  Number of MUXCYs used:                        24 out of   2,860    1%
  Number of LUT Flip Flop pairs used:          971
    Number with an unused Flip Flop:           561 out of     971   57%
    Number with an unused LUT:                  20 out of     971    2%
    Number of fully used LUT-FF pairs:         390 out of     971   40%
    Number of unique control sets:              12
    Number of slice register sites lost
      to control set restrictions:              33 out of  11,440    1%

  A LUT Flip Flop pair for this architecture represents one LUT paired with
  one Flip Flop within a slice.  A control set is a unique combination of
  clock, reset, set, and enable signals for a registered element.
  The Slice Logic Distribution report is not meaningful if the design is
  over-mapped for a non-slice resource or if Placement fails.

IO Utilization:
  Number of bonded IOBs:                        25 out of     102   24%
    Number of LOCed IOBs:                       25 out of      25  100%

Specific Feature Utilization:
  Number of RAMB16BWERs:                         0 out of      32    0%
  Number of RAMB8BWERs:                          0 out of      64    0%
  Number of BUFIO2/BUFIO2_2CLKs:                 0 out of      32    0%
  Number of BUFIO2FB/BUFIO2FB_2CLKs:             0 out of      32    0%
  Number of BUFG/BUFGMUXs:                       2 out of      16   12%
    Number used as BUFGs:                        2
    Number used as BUFGMUX:                      0
  Number of DCM/DCM_CLKGENs:                     0 out of       4    0%
  Number of ILOGIC2/ISERDES2s:                   0 out of     200    0%
  Number of IODELAY2/IODRP2/IODRP2_MCBs:         0 out of     200    0%
  Number of OLOGIC2/OSERDES2s:                   0 out of     200    0%
  Number of BSCANs:                              0 out of       4    0%
  Number of BUFHs:                               0 out of     128    0%
  Number of BUFPLLs:                             0 out of       8    0%
  Number of BUFPLL_MCBs:                         0 out of       4    0%
  Number of DSP48A1s:                            0 out of      16    0%
  Number of ICAPs:                               0 out of       1    0%
  Number of MCBs:                                0 out of       2    0%
  Number of PCILOGICSEs:                         0 out of       2    0%
  Number of PLL_ADVs:                            0 out of       2    0%
  Number of PMVs:                                0 out of       1    0%
  Number of STARTUPs:                            0 out of       1    0%
  Number of SUSPEND_SYNCs:                       0 out of       1    0%

Average Fanout of Non-Clock Nets:                5.44

Peak Memory Usage:  245 MB
Total REAL time to MAP completion:  1 mins 44 secs 
Total CPU time to MAP completion:   1 mins 32 secs 

Table of Contents
-----------------
Section 1 - Errors
Section 2 - Warnings
Section 3 - Informational
Section 4 - Removed Logic Summary
Section 5 - Removed Logic
Section 6 - IOB Properties
Section 7 - RPMs
Section 8 - Guide Report
Section 9 - Area Group and Partition Summary
Section 10 - Timing Report
Section 11 - Configuration String Information
Section 12 - Control Set Information
Section 13 - Utilization by Hierarchy

Section 1 - Errors
------------------

Section 2 - Warnings
--------------------

Section 3 - Informational
-------------------------
INFO:MapLib:562 - No environment variables are currently set.
INFO:Pack:1716 - Initializing temperature to 85.000 Celsius. (default - Range:
   0.000 to 85.000 Celsius)
INFO:Pack:1720 - Initializing voltage to 1.140 Volts. (default - Range: 1.140 to
   1.260 Volts)
INFO:Map:215 - The Interim Design Summary has been generated in the MAP Report
   (.mrp).
INFO:Pack:1650 - Map created a placed design.

Section 4 - Removed Logic Summary
---------------------------------
   2 block(s) optimized away

Section 5 - Removed Logic
-------------------------

Optimized Block(s):
TYPE 		BLOCK
GND 		XST_GND
VCC 		XST_VCC

To enable printing of redundant blocks removed and signals merged, set the
detailed map report option and rerun map.

Section 6 - IOB Properties
--------------------------

+---------------------------------------------------------------------------------------------------------------------------------------------------------+
| IOB Name                           | Type             | Direction | IO Standard          | Diff  | Drive    | Slew | Reg (s)      | Resistor | IOB      |
|                                    |                  |           |                      | Term  | Strength | Rate |              |          | Delay    |
+---------------------------------------------------------------------------------------------------------------------------------------------------------+
| base_led                           | IOB              | OUTPUT    | LVTTL                |       | 12       | SLOW |              |          |          |
| clk_in                             | IOB              | INPUT     | LVTTL                |       |          |      |              |          |          |
| digit_select<0>                    | IOB              | OUTPUT    | LVTTL                |       | 12       | FAST |              |          |          |
| digit_select<1>                    | IOB              | OUTPUT    | LVTTL                |       | 12       | FAST |              |          |          |
| digit_select<2>                    | IOB              | OUTPUT    | LVTTL                |       | 12       | FAST |              |          |          |
| digit_select<3>                    | IOB              | OUTPUT    | LVTTL                |       | 12       | FAST |              |          |          |
| leds<0>                            | IOB              | OUTPUT    | LVTTL                |       | 12       | SLOW |              |          |          |
| leds<1>                            | IOB              | OUTPUT    | LVTTL                |       | 12       | SLOW |              |          |          |
| leds<2>                            | IOB              | OUTPUT    | LVTTL                |       | 12       | SLOW |              |          |          |
| leds<3>                            | IOB              | OUTPUT    | LVTTL                |       | 12       | SLOW |              |          |          |
| leds<4>                            | IOB              | OUTPUT    | LVTTL                |       | 12       | SLOW |              |          |          |
| leds<5>                            | IOB              | OUTPUT    | LVTTL                |       | 12       | SLOW |              |          |          |
| leds<6>                            | IOB              | OUTPUT    | LVTTL                |       | 12       | SLOW |              |          |          |
| leds<7>                            | IOB              | OUTPUT    | LVTTL                |       | 12       | SLOW |              |          |          |
| rstn                               | IOB              | INPUT     | LVTTL                |       |          |      |              |          |          |
| rx                                 | IOB              | INPUT     | LVTTL                |       |          |      |              |          |          |
| segments<0>                        | IOB              | OUTPUT    | LVTTL                |       | 12       | FAST |              |          |          |
| segments<1>                        | IOB              | OUTPUT    | LVTTL                |       | 12       | FAST |              |          |          |
| segments<2>                        | IOB              | OUTPUT    | LVTTL                |       | 12       | FAST |              |          |          |
| segments<3>                        | IOB              | OUTPUT    | LVTTL                |       | 12       | FAST |              |          |          |
| segments<4>                        | IOB              | OUTPUT    | LVTTL                |       | 12       | FAST |              |          |          |
| segments<5>                        | IOB              | OUTPUT    | LVTTL                |       | 12       | FAST |              |          |          |
| segments<6>                        | IOB              | OUTPUT    | LVTTL                |       | 12       | FAST |              |          |          |
| segments<7>                        | IOB              | OUTPUT    | LVTTL                |       | 12       | FAST |              |          |          |
| tx                                 | IOB              | OUTPUT    | LVTTL                |       | 8        | FAST |              |          |          |
+---------------------------------------------------------------------------------------------------------------------------------------------------------+

Section 7 - RPMs
----------------

Section 8 - Guide Report
------------------------
Guide not run on this design.

Section 9 - Area Group and Partition Summary
--------------------------------------------

Partition Implementation Status
-------------------------------

  No Partitions were found in this design.

-------------------------------

Area Group Information
----------------------

  No area groups were found in this design.

----------------------

Section 10 - Timing Report
--------------------------
A logic-level (pre-route) timing report can be generated by using Xilinx static
timing analysis tools, Timing Analyzer (GUI) or TRCE (command line), with the
mapped NCD and PCF files. Please note that this timing report will be generated
using estimated delay information. For accurate numbers, please generate a
timing report with the post Place and Route NCD file.

For more information about the Timing Analyzer, consult the Xilinx Timing
Analyzer Reference Manual; for more information about TRCE, consult the Xilinx
Command Line Tools User Guide "TRACE" chapter.

Section 11 - Configuration String Details
-----------------------------------------
Use the "-detail" map option to print out Configuration Strings

Section 12 - Control Set Information
------------------------------------
Use the "-detail" map option to print out Control Set Information.

Section 13 - Utilization by Hierarchy
-------------------------------------
Use the "-detail" map option to print out the Utilization by Hierarchy section.
